P1: J P2: J Board: Q /rrc/rrc Prob: 0.000000 Payoff: 0
P1: J P2: J Board: Q /rrc/rrf Prob: 0.000050 Payoff: -9
P1: J P2: J Board: Q /rrc/rc Prob: 0.000004 Payoff: 0
P1: J P2: J Board: Q /rrc/rf Prob: 0.000053 Payoff: 5
P1: J P2: J Board: Q /rrc/crrc Prob: 0.000000 Payoff: 0
P1: J P2: J Board: Q /rrc/crrf Prob: 0.000000 Payoff: 9
P1: J P2: J Board: Q /rrc/crc Prob: 0.000000 Payoff: 0
P1: J P2: J Board: Q /rrc/crf Prob: 0.000379 Payoff: -5
P1: J P2: J Board: Q /rrc/cc Prob: 0.000348 Payoff: 0
P1: J P2: J Board: K /rrc/rrc Prob: 0.000000 Payoff: 0
P1: J P2: J Board: K /rrc/rrf Prob: 0.000092 Payoff: -9
P1: J P2: J Board: K /rrc/rc Prob: 0.000131 Payoff: 0
P1: J P2: J Board: K /rrc/rf Prob: 0.000227 Payoff: 5
P1: J P2: J Board: K /rrc/crrc Prob: 0.000080 Payoff: 0
P1: J P2: J Board: K /rrc/crrf Prob: 0.000126 Payoff: 9
P1: J P2: J Board: K /rrc/crc Prob: 0.000000 Payoff: 0
P1: J P2: J Board: K /rrc/crf Prob: 0.000018 Payoff: -5
P1: J P2: J Board: K /rrc/cc Prob: 0.000159 Payoff: 0
P1: J P2: J /rrf Prob: 0.000000 Payoff: -3
P1: J P2: J Board: Q /rc/rrc Prob: 0.000000 Payoff: 0
P1: J P2: J Board: Q /rc/rrf Prob: 0.000270 Payoff: -7
P1: J P2: J Board: Q /rc/rc Prob: 0.000158 Payoff: 0
P1: J P2: J Board: Q /rc/rf Prob: 0.000171 Payoff: 3
P1: J P2: J Board: Q /rc/crrc Prob: 0.000000 Payoff: 0
P1: J P2: J Board: Q /rc/crrf Prob: 0.000000 Payoff: 7
P1: J P2: J Board: Q /rc/crc Prob: 0.000000 Payoff: 0
P1: J P2: J Board: Q /rc/crf Prob: 0.000000 Payoff: -3
P1: J P2: J Board: Q /rc/cc Prob: 0.000000 Payoff: 0
P1: J P2: J Board: K /rc/rrc Prob: 0.000000 Payoff: 0
P1: J P2: J Board: K /rc/rrf Prob: 0.000280 Payoff: -7
P1: J P2: J Board: K /rc/rc Prob: 0.000252 Payoff: 0
P1: J P2: J Board: K /rc/rf Prob: 0.000067 Payoff: 3
P1: J P2: J Board: K /rc/crrc Prob: 0.000000 Payoff: 0
P1: J P2: J Board: K /rc/crrf Prob: 0.000000 Payoff: 7
P1: J P2: J Board: K /rc/crc Prob: 0.000000 Payoff: 0
P1: J P2: J Board: K /rc/crf Prob: 0.000000 Payoff: -3
P1: J P2: J Board: K /rc/cc Prob: 0.000000 Payoff: 0
P1: J P2: J /rf Prob: 0.002105 Payoff: 1
P1: J P2: J Board: Q /crrc/rrc Prob: 0.000000 Payoff: 0
P1: J P2: J Board: Q /crrc/rrf Prob: 0.000000 Payoff: -9
P1: J P2: J Board: Q /crrc/rc Prob: 0.000000 Payoff: 0
P1: J P2: J Board: Q /crrc/rf Prob: 0.000000 Payoff: 5
P1: J P2: J Board: Q /crrc/crrc Prob: 0.000003 Payoff: 0
P1: J P2: J Board: Q /crrc/crrf Prob: 0.000004 Payoff: 9
P1: J P2: J Board: Q /crrc/crc Prob: 0.000000 Payoff: 0
P1: J P2: J Board: Q /crrc/crf Prob: 0.000028 Payoff: -5
P1: J P2: J Board: Q /crrc/cc Prob: 0.000053 Payoff: 0
P1: J P2: J Board: K /crrc/rrc Prob: 0.000000 Payoff: 0
P1: J P2: J Board: K /crrc/rrf Prob: 0.000007 Payoff: -9
P1: J P2: J Board: K /crrc/rc Prob: 0.000042 Payoff: 0
P1: J P2: J Board: K /crrc/rf Prob: 0.000040 Payoff: 5
P1: J P2: J Board: K /crrc/crrc Prob: 0.000000 Payoff: 0
P1: J P2: J Board: K /crrc/crrf Prob: 0.000000 Payoff: 9
P1: J P2: J Board: K /crrc/crc Prob: 0.000000 Payoff: 0
P1: J P2: J Board: K /crrc/crf Prob: 0.000000 Payoff: -5
P1: J P2: J Board: K /crrc/cc Prob: 0.000000 Payoff: 0
P1: J P2: J /crrf Prob: 0.000260 Payoff: 3
P1: J P2: J Board: Q /crc/rrc Prob: 0.000000 Payoff: 0
P1: J P2: J Board: Q /crc/rrf Prob: 0.000175 Payoff: -7
P1: J P2: J Board: Q /crc/rc Prob: 0.000040 Payoff: 0
P1: J P2: J Board: Q /crc/rf Prob: 0.000193 Payoff: 3
P1: J P2: J Board: Q /crc/crrc Prob: 0.000001 Payoff: 0
P1: J P2: J Board: Q /crc/crrf Prob: 0.000002 Payoff: 7
P1: J P2: J Board: Q /crc/crc Prob: 0.000000 Payoff: 0
P1: J P2: J Board: Q /crc/crf Prob: 0.000000 Payoff: -3
P1: J P2: J Board: Q /crc/cc Prob: 0.000000 Payoff: 0
P1: J P2: J Board: K /crc/rrc Prob: 0.000000 Payoff: 0
P1: J P2: J Board: K /crc/rrf Prob: 0.000004 Payoff: -7
P1: J P2: J Board: K /crc/rc Prob: 0.000004 Payoff: 0
P1: J P2: J Board: K /crc/rf Prob: 0.000005 Payoff: 3
P1: J P2: J Board: K /crc/crrc Prob: 0.000000 Payoff: 0
P1: J P2: J Board: K /crc/crrf Prob: 0.000003 Payoff: 7
P1: J P2: J Board: K /crc/crc Prob: 0.000000 Payoff: 0
P1: J P2: J Board: K /crc/crf Prob: 0.000278 Payoff: -3
P1: J P2: J Board: K /crc/cc Prob: 0.000117 Payoff: 0
P1: J P2: J /crf Prob: 0.022292 Payoff: -1
P1: J P2: J Board: Q /cc/rrc Prob: 0.000000 Payoff: 0
P1: J P2: J Board: Q /cc/rrf Prob: 0.001762 Payoff: -5
P1: J P2: J Board: Q /cc/rc Prob: 0.001087 Payoff: 0
P1: J P2: J Board: Q /cc/rf Prob: 0.000761 Payoff: 1
P1: J P2: J Board: Q /cc/crrc Prob: 0.000000 Payoff: 0
P1: J P2: J Board: Q /cc/crrf Prob: 0.000000 Payoff: 5
P1: J P2: J Board: Q /cc/crc Prob: 0.000000 Payoff: 0
P1: J P2: J Board: Q /cc/crf Prob: 0.010222 Payoff: -1
P1: J P2: J Board: Q /cc/cc Prob: 0.005241 Payoff: 0
P1: J P2: J Board: K /cc/rrc Prob: 0.000000 Payoff: 0
P1: J P2: J Board: K /cc/rrf Prob: 0.000448 Payoff: -5
P1: J P2: J Board: K /cc/rc Prob: 0.000517 Payoff: 0
P1: J P2: J Board: K /cc/rf Prob: 0.000496 Payoff: 1
P1: J P2: J Board: K /cc/crrc Prob: 0.000000 Payoff: 0
P1: J P2: J Board: K /cc/crrf Prob: 0.000000 Payoff: 5
P1: J P2: J Board: K /cc/crc Prob: 0.000000 Payoff: 0
P1: J P2: J Board: K /cc/crf Prob: 0.013762 Payoff: -1
P1: J P2: J Board: K /cc/cc Prob: 0.003849 Payoff: 0
P1: J P2: Q Board: J /rrc/rrc Prob: 0.000215 Payoff: 13
P1: J P2: Q Board: J /rrc/rrf Prob: 0.000000 Payoff: -9
P1: J P2: Q Board: J /rrc/rc Prob: 0.000183 Payoff: 9
P1: J P2: Q Board: J /rrc/rf Prob: 0.000325 Payoff: 5
P1: J P2: Q Board: J /rrc/crrc Prob: 0.000000 Payoff: 13
P1: J P2: Q Board: J /rrc/crrf Prob: 0.000000 Payoff: 9
P1: J P2: Q Board: J /rrc/crc Prob: 0.000000 Payoff: 9
P1: J P2: Q Board: J /rrc/crf Prob: 0.000000 Payoff: -5
P1: J P2: Q Board: J /rrc/cc Prob: 0.000000 Payoff: 5
P1: J P2: Q Board: Q /rrc/rrc Prob: 0.000000 Payoff: -13
P1: J P2: Q Board: Q /rrc/rrf Prob: 0.000056 Payoff: -9
P1: J P2: Q Board: Q /rrc/rc Prob: 0.000020 Payoff: -9
P1: J P2: Q Board: Q /rrc/rf Prob: 0.000017 Payoff: 5
P1: J P2: Q Board: Q /rrc/crrc Prob: 0.000000 Payoff: -13
P1: J P2: Q Board: Q /rrc/crrf Prob: 0.000000 Payoff: 9
P1: J P2: Q Board: Q /rrc/crc Prob: 0.000000 Payoff: -9
P1: J P2: Q Board: Q /rrc/crf Prob: 0.000147 Payoff: -5
P1: J P2: Q Board: Q /rrc/cc Prob: 0.000483 Payoff: -5
P1: J P2: Q Board: K /rrc/rrc Prob: 0.000000 Payoff: -13
P1: J P2: Q Board: K /rrc/rrf Prob: 0.000677 Payoff: -9
P1: J P2: Q Board: K /rrc/rc Prob: 0.000010 Payoff: -9
P1: J P2: Q Board: K /rrc/rf Prob: 0.000095 Payoff: 5
P1: J P2: Q Board: K /rrc/crrc Prob: 0.000104 Payoff: -13
P1: J P2: Q Board: K /rrc/crrf Prob: 0.000080 Payoff: 9
P1: J P2: Q Board: K /rrc/crc Prob: 0.000000 Payoff: -9
P1: J P2: Q Board: K /rrc/crf Prob: 0.000016 Payoff: -5
P1: J P2: Q Board: K /rrc/cc Prob: 0.000463 Payoff: -5
P1: J P2: Q /rrf Prob: 0.000000 Payoff: -3
P1: J P2: Q Board: J /rc/rrc Prob: 0.000251 Payoff: 11
P1: J P2: Q Board: J /rc/rrf Prob: 0.000000 Payoff: -7
P1: J P2: Q Board: J /rc/rc Prob: 0.000356 Payoff: 7
P1: J P2: Q Board: J /rc/rf Prob: 0.000501 Payoff: 3
P1: J P2: Q Board: J /rc/crrc Prob: 0.000001 Payoff: 11
P1: J P2: Q Board: J /rc/crrf Prob: 0.000016 Payoff: 7
P1: J P2: Q Board: J /rc/crc Prob: 0.000000 Payoff: 7
P1: J P2: Q Board: J /rc/crf Prob: 0.000000 Payoff: -3
P1: J P2: Q Board: J /rc/cc Prob: 0.000009 Payoff: 3
P1: J P2: Q Board: Q /rc/rrc Prob: 0.000000 Payoff: -11
P1: J P2: Q Board: Q /rc/rrf Prob: 0.000108 Payoff: -7
P1: J P2: Q Board: Q /rc/rc Prob: 0.000506 Payoff: -7
P1: J P2: Q Board: Q /rc/rf Prob: 0.000520 Payoff: 3
P1: J P2: Q Board: Q /rc/crrc Prob: 0.000000 Payoff: -11
P1: J P2: Q Board: Q /rc/crrf Prob: 0.000000 Payoff: 7
P1: J P2: Q Board: Q /rc/crc Prob: 0.000000 Payoff: -7
P1: J P2: Q Board: Q /rc/crf Prob: 0.000000 Payoff: -3
P1: J P2: Q Board: Q /rc/cc Prob: 0.000000 Payoff: -3
P1: J P2: Q Board: K /rc/rrc Prob: 0.000000 Payoff: -11
P1: J P2: Q Board: K /rc/rrf Prob: 0.001294 Payoff: -7
P1: J P2: Q Board: K /rc/rc Prob: 0.000314 Payoff: -7
P1: J P2: Q Board: K /rc/rf Prob: 0.000658 Payoff: 3
P1: J P2: Q Board: K /rc/crrc Prob: 0.000001 Payoff: -11
P1: J P2: Q Board: K /rc/crrf Prob: 0.000001 Payoff: 7
P1: J P2: Q Board: K /rc/crc Prob: 0.000000 Payoff: -7
P1: J P2: Q Board: K /rc/crf Prob: 0.000000 Payoff: -3
P1: J P2: Q Board: K /rc/cc Prob: 0.000001 Payoff: -3
P1: J P2: Q /rf Prob: 0.002508 Payoff: 1
P1: J P2: Q Board: J /crrc/rrc Prob: 0.000044 Payoff: 13
P1: J P2: Q Board: J /crrc/rrf Prob: 0.000000 Payoff: -9
P1: J P2: Q Board: J /crrc/rc Prob: 0.000032 Payoff: 9
P1: J P2: Q Board: J /crrc/rf Prob: 0.000034 Payoff: 5
P1: J P2: Q Board: J /crrc/crrc Prob: 0.000000 Payoff: 13
P1: J P2: Q Board: J /crrc/crrf Prob: 0.000000 Payoff: 9
P1: J P2: Q Board: J /crrc/crc Prob: 0.000000 Payoff: 9
P1: J P2: Q Board: J /crrc/crf Prob: 0.000000 Payoff: -5
P1: J P2: Q Board: J /crrc/cc Prob: 0.000000 Payoff: 5
P1: J P2: Q Board: Q /crrc/rrc Prob: 0.000000 Payoff: -13
P1: J P2: Q Board: Q /crrc/rrf Prob: 0.000000 Payoff: -9
P1: J P2: Q Board: Q /crrc/rc Prob: 0.000000 Payoff: -9
P1: J P2: Q Board: Q /crrc/rf Prob: 0.000000 Payoff: 5
P1: J P2: Q Board: Q /crrc/crrc Prob: 0.000004 Payoff: -13
P1: J P2: Q Board: Q /crrc/crrf Prob: 0.000006 Payoff: 9
P1: J P2: Q Board: Q /crrc/crc Prob: 0.000000 Payoff: -9
P1: J P2: Q Board: Q /crrc/crf Prob: 0.000044 Payoff: -5
P1: J P2: Q Board: Q /crrc/cc Prob: 0.000056 Payoff: -5
P1: J P2: Q Board: K /crrc/rrc Prob: 0.000000 Payoff: -13
P1: J P2: Q Board: K /crrc/rrf Prob: 0.000067 Payoff: -9
P1: J P2: Q Board: K /crrc/rc Prob: 0.000111 Payoff: -9
P1: J P2: Q Board: K /crrc/rf Prob: 0.000043 Payoff: 5
P1: J P2: Q Board: K /crrc/crrc Prob: 0.000000 Payoff: -13
P1: J P2: Q Board: K /crrc/crrf Prob: 0.000000 Payoff: 9
P1: J P2: Q Board: K /crrc/crc Prob: 0.000000 Payoff: -9
P1: J P2: Q Board: K /crrc/crf Prob: 0.000000 Payoff: -5
P1: J P2: Q Board: K /crrc/cc Prob: 0.000000 Payoff: -5
P1: J P2: Q /crrf Prob: 0.000733 Payoff: 3
P1: J P2: Q Board: J /crc/rrc Prob: 0.000085 Payoff: 11
P1: J P2: Q Board: J /crc/rrf Prob: 0.000000 Payoff: -7
P1: J P2: Q Board: J /crc/rc Prob: 0.000254 Payoff: 7
P1: J P2: Q Board: J /crc/rf Prob: 0.000188 Payoff: 3
P1: J P2: Q Board: J /crc/crrc Prob: 0.000008 Payoff: 11
P1: J P2: Q Board: J /crc/crrf Prob: 0.000008 Payoff: 7
P1: J P2: Q Board: J /crc/crc Prob: 0.000000 Payoff: 7
P1: J P2: Q Board: J /crc/crf Prob: 0.000000 Payoff: -3
P1: J P2: Q Board: J /crc/cc Prob: 0.000011 Payoff: 3
P1: J P2: Q Board: Q /crc/rrc Prob: 0.000000 Payoff: -11
P1: J P2: Q Board: Q /crc/rrf Prob: 0.000333 Payoff: -7
P1: J P2: Q Board: Q /crc/rc Prob: 0.000158 Payoff: -7
P1: J P2: Q Board: Q /crc/rf Prob: 0.000058 Payoff: 3
P1: J P2: Q Board: Q /crc/crrc Prob: 0.000001 Payoff: -11
P1: J P2: Q Board: Q /crc/crrf Prob: 0.000001 Payoff: 7
P1: J P2: Q Board: Q /crc/crc Prob: 0.000000 Payoff: -7
P1: J P2: Q Board: Q /crc/crf Prob: 0.000000 Payoff: -3
P1: J P2: Q Board: Q /crc/cc Prob: 0.000002 Payoff: -3
P1: J P2: Q Board: K /crc/rrc Prob: 0.000000 Payoff: -11
P1: J P2: Q Board: K /crc/rrf Prob: 0.000010 Payoff: -7
P1: J P2: Q Board: K /crc/rc Prob: 0.000012 Payoff: -7
P1: J P2: Q Board: K /crc/rf Prob: 0.000011 Payoff: 3
P1: J P2: Q Board: K /crc/crrc Prob: 0.000003 Payoff: -11
P1: J P2: Q Board: K /crc/crrf Prob: 0.000002 Payoff: 7
P1: J P2: Q Board: K /crc/crc Prob: 0.000000 Payoff: -7
P1: J P2: Q Board: K /crc/crf Prob: 0.000383 Payoff: -3
P1: J P2: Q Board: K /crc/cc Prob: 0.000688 Payoff: -3
P1: J P2: Q /crf Prob: 0.060192 Payoff: -1
P1: J P2: Q Board: J /cc/rrc Prob: 0.000000 Payoff: 9
P1: J P2: Q Board: J /cc/rrf Prob: 0.000000 Payoff: -5
P1: J P2: Q Board: J /cc/rc Prob: 0.000000 Payoff: 5
P1: J P2: Q Board: J /cc/rf Prob: 0.000000 Payoff: 1
P1: J P2: Q Board: J /cc/crrc Prob: 0.002439 Payoff: 9
P1: J P2: Q Board: J /cc/crrf Prob: 0.010458 Payoff: 5
P1: J P2: Q Board: J /cc/crc Prob: 0.000373 Payoff: 5
P1: J P2: Q Board: J /cc/crf Prob: 0.000000 Payoff: -1
P1: J P2: Q Board: J /cc/cc Prob: 0.001682 Payoff: 1
P1: J P2: Q Board: Q /cc/rrc Prob: 0.000000 Payoff: -9
P1: J P2: Q Board: Q /cc/rrf Prob: 0.000480 Payoff: -5
P1: J P2: Q Board: Q /cc/rc Prob: 0.001160 Payoff: -5
P1: J P2: Q Board: Q /cc/rf Prob: 0.001190 Payoff: 1
P1: J P2: Q Board: Q /cc/crrc Prob: 0.000000 Payoff: -9
P1: J P2: Q Board: Q /cc/crrf Prob: 0.000000 Payoff: 5
P1: J P2: Q Board: Q /cc/crc Prob: 0.000000 Payoff: -5
P1: J P2: Q Board: Q /cc/crf Prob: 0.008461 Payoff: -1
P1: J P2: Q Board: Q /cc/cc Prob: 0.003661 Payoff: -1
P1: J P2: Q Board: K /cc/rrc Prob: 0.000000 Payoff: -9
P1: J P2: Q Board: K /cc/rrf Prob: 0.001004 Payoff: -5
P1: J P2: Q Board: K /cc/rc Prob: 0.000860 Payoff: -5
P1: J P2: Q Board: K /cc/rf Prob: 0.000428 Payoff: 1
P1: J P2: Q Board: K /cc/crrc Prob: 0.000001 Payoff: -9
P1: J P2: Q Board: K /cc/crrf Prob: 0.000001 Payoff: 5
P1: J P2: Q Board: K /cc/crc Prob: 0.000000 Payoff: -5
P1: J P2: Q Board: K /cc/crf Prob: 0.025063 Payoff: -1
P1: J P2: Q Board: K /cc/cc Prob: 0.002549 Payoff: -1
P1: J P2: K Board: J /rrc/rrc Prob: 0.000553 Payoff: 13
P1: J P2: K Board: J /rrc/rrf Prob: 0.000000 Payoff: -9
P1: J P2: K Board: J /rrc/rc Prob: 0.000050 Payoff: 9
P1: J P2: K Board: J /rrc/rf Prob: 0.000020 Payoff: 5
P1: J P2: K Board: J /rrc/crrc Prob: 0.000000 Payoff: 13
P1: J P2: K Board: J /rrc/crrf Prob: 0.000000 Payoff: 9
P1: J P2: K Board: J /rrc/crc Prob: 0.000000 Payoff: 9
P1: J P2: K Board: J /rrc/crf Prob: 0.000000 Payoff: -5
P1: J P2: K Board: J /rrc/cc Prob: 0.000000 Payoff: 5
P1: J P2: K Board: Q /rrc/rrc Prob: 0.000000 Payoff: -13
P1: J P2: K Board: Q /rrc/rrf Prob: 0.000032 Payoff: -9
P1: J P2: K Board: Q /rrc/rc Prob: 0.000084 Payoff: -9
P1: J P2: K Board: Q /rrc/rf Prob: 0.000044 Payoff: 5
P1: J P2: K Board: Q /rrc/crrc Prob: 0.000000 Payoff: -13
P1: J P2: K Board: Q /rrc/crrf Prob: 0.000000 Payoff: 9
P1: J P2: K Board: Q /rrc/crc Prob: 0.000000 Payoff: -9
P1: J P2: K Board: Q /rrc/crf Prob: 0.000878 Payoff: -5
P1: J P2: K Board: Q /rrc/cc Prob: 0.000208 Payoff: -5
P1: J P2: K Board: K /rrc/rrc Prob: 0.000000 Payoff: -13
P1: J P2: K Board: K /rrc/rrf Prob: 0.000129 Payoff: -9
P1: J P2: K Board: K /rrc/rc Prob: 0.000126 Payoff: -9
P1: J P2: K Board: K /rrc/rf Prob: 0.000082 Payoff: 5
P1: J P2: K Board: K /rrc/crrc Prob: 0.000051 Payoff: -13
P1: J P2: K Board: K /rrc/crrf Prob: 0.000004 Payoff: 9
P1: J P2: K Board: K /rrc/crc Prob: 0.000000 Payoff: -9
P1: J P2: K Board: K /rrc/crf Prob: 0.000005 Payoff: -5
P1: J P2: K Board: K /rrc/cc Prob: 0.000226 Payoff: -5
P1: J P2: K /rrf Prob: 0.000000 Payoff: -3
P1: J P2: K Board: J /rc/rrc Prob: 0.000195 Payoff: 11
P1: J P2: K Board: J /rc/rrf Prob: 0.000000 Payoff: -7
P1: J P2: K Board: J /rc/rc Prob: 0.000337 Payoff: 7
P1: J P2: K Board: J /rc/rf Prob: 0.000267 Payoff: 3
P1: J P2: K Board: J /rc/crrc Prob: 0.000001 Payoff: 11
P1: J P2: K Board: J /rc/crrf Prob: 0.000002 Payoff: 7
P1: J P2: K Board: J /rc/crc Prob: 0.000000 Payoff: 7
P1: J P2: K Board: J /rc/crf Prob: 0.000000 Payoff: -3
P1: J P2: K Board: J /rc/cc Prob: 0.000015 Payoff: 3
P1: J P2: K Board: Q /rc/rrc Prob: 0.000000 Payoff: -11
P1: J P2: K Board: Q /rc/rrf Prob: 0.000479 Payoff: -7
P1: J P2: K Board: Q /rc/rc Prob: 0.000602 Payoff: -7
P1: J P2: K Board: Q /rc/rf Prob: 0.000555 Payoff: 3
P1: J P2: K Board: Q /rc/crrc Prob: 0.000000 Payoff: -11
P1: J P2: K Board: Q /rc/crrf Prob: 0.000000 Payoff: 7
P1: J P2: K Board: Q /rc/crc Prob: 0.000000 Payoff: -7
P1: J P2: K Board: Q /rc/crf Prob: 0.000000 Payoff: -3
P1: J P2: K Board: Q /rc/cc Prob: 0.000000 Payoff: -3
P1: J P2: K Board: K /rc/rrc Prob: 0.000000 Payoff: -11
P1: J P2: K Board: K /rc/rrf Prob: 0.000404 Payoff: -7
P1: J P2: K Board: K /rc/rc Prob: 0.000360 Payoff: -7
P1: J P2: K Board: K /rc/rf Prob: 0.000052 Payoff: 3
P1: J P2: K Board: K /rc/crrc Prob: 0.000000 Payoff: -11
P1: J P2: K Board: K /rc/crrf Prob: 0.000001 Payoff: 7
P1: J P2: K Board: K /rc/crc Prob: 0.000000 Payoff: -7
P1: J P2: K Board: K /rc/crf Prob: 0.000000 Payoff: -3
P1: J P2: K Board: K /rc/cc Prob: 0.000000 Payoff: -3
P1: J P2: K /rf Prob: 0.004175 Payoff: 1
P1: J P2: K Board: J /crrc/rrc Prob: 0.000031 Payoff: 13
P1: J P2: K Board: J /crrc/rrf Prob: 0.000000 Payoff: -9
P1: J P2: K Board: J /crrc/rc Prob: 0.000101 Payoff: 9
P1: J P2: K Board: J /crrc/rf Prob: 0.000054 Payoff: 5
P1: J P2: K Board: J /crrc/crrc Prob: 0.000000 Payoff: 13
P1: J P2: K Board: J /crrc/crrf Prob: 0.000000 Payoff: 9
P1: J P2: K Board: J /crrc/crc Prob: 0.000000 Payoff: 9
P1: J P2: K Board: J /crrc/crf Prob: 0.000000 Payoff: -5
P1: J P2: K Board: J /crrc/cc Prob: 0.000001 Payoff: 5
P1: J P2: K Board: Q /crrc/rrc Prob: 0.000000 Payoff: -13
P1: J P2: K Board: Q /crrc/rrf Prob: 0.000001 Payoff: -9
P1: J P2: K Board: Q /crrc/rc Prob: 0.000001 Payoff: -9
P1: J P2: K Board: Q /crrc/rf Prob: 0.000001 Payoff: 5
P1: J P2: K Board: Q /crrc/crrc Prob: 0.000007 Payoff: -13
P1: J P2: K Board: Q /crrc/crrf Prob: 0.000009 Payoff: 9
P1: J P2: K Board: Q /crrc/crc Prob: 0.000000 Payoff: -9
P1: J P2: K Board: Q /crrc/crf Prob: 0.000069 Payoff: -5
P1: J P2: K Board: Q /crrc/cc Prob: 0.000286 Payoff: -5
P1: J P2: K Board: K /crrc/rrc Prob: 0.000000 Payoff: -13
P1: J P2: K Board: K /crrc/rrf Prob: 0.000053 Payoff: -9
P1: J P2: K Board: K /crrc/rc Prob: 0.000059 Payoff: -9
P1: J P2: K Board: K /crrc/rf Prob: 0.000075 Payoff: 5
P1: J P2: K Board: K /crrc/crrc Prob: 0.000000 Payoff: -13
P1: J P2: K Board: K /crrc/crrf Prob: 0.000000 Payoff: 9
P1: J P2: K Board: K /crrc/crc Prob: 0.000000 Payoff: -9
P1: J P2: K Board: K /crrc/crf Prob: 0.000000 Payoff: -5
P1: J P2: K Board: K /crrc/cc Prob: 0.000000 Payoff: -5
P1: J P2: K /crrf Prob: 0.000720 Payoff: 3
P1: J P2: K Board: J /crc/rrc Prob: 0.000516 Payoff: 11
P1: J P2: K Board: J /crc/rrf Prob: 0.000000 Payoff: -7
P1: J P2: K Board: J /crc/rc Prob: 0.000134 Payoff: 7
P1: J P2: K Board: J /crc/rf Prob: 0.000006 Payoff: 3
P1: J P2: K Board: J /crc/crrc Prob: 0.000007 Payoff: 11
P1: J P2: K Board: J /crc/crrf Prob: 0.000008 Payoff: 7
P1: J P2: K Board: J /crc/crc Prob: 0.000000 Payoff: 7
P1: J P2: K Board: J /crc/crf Prob: 0.000000 Payoff: -3
P1: J P2: K Board: J /crc/cc Prob: 0.000018 Payoff: 3
P1: J P2: K Board: Q /crc/rrc Prob: 0.000000 Payoff: -11
P1: J P2: K Board: Q /crc/rrf Prob: 0.000639 Payoff: -7
P1: J P2: K Board: Q /crc/rc Prob: 0.000285 Payoff: -7
P1: J P2: K Board: Q /crc/rf Prob: 0.000446 Payoff: 3
P1: J P2: K Board: Q /crc/crrc Prob: 0.000001 Payoff: -11
P1: J P2: K Board: Q /crc/crrf Prob: 0.000001 Payoff: 7
P1: J P2: K Board: Q /crc/crc Prob: 0.000000 Payoff: -7
P1: J P2: K Board: Q /crc/crf Prob: 0.000000 Payoff: -3
P1: J P2: K Board: Q /crc/cc Prob: 0.000008 Payoff: -3
P1: J P2: K Board: K /crc/rrc Prob: 0.000000 Payoff: -11
P1: J P2: K Board: K /crc/rrf Prob: 0.000002 Payoff: -7
P1: J P2: K Board: K /crc/rc Prob: 0.000012 Payoff: -7
P1: J P2: K Board: K /crc/rf Prob: 0.000006 Payoff: 3
P1: J P2: K Board: K /crc/crrc Prob: 0.000002 Payoff: -11
P1: J P2: K Board: K /crc/crrf Prob: 0.000000 Payoff: 7
P1: J P2: K Board: K /crc/crc Prob: 0.000000 Payoff: -7
P1: J P2: K Board: K /crc/crf Prob: 0.000206 Payoff: -3
P1: J P2: K Board: K /crc/cc Prob: 0.000461 Payoff: -3
P1: J P2: K /crf Prob: 0.074976 Payoff: -1
P1: J P2: K Board: J /cc/rrc Prob: 0.000000 Payoff: 9
P1: J P2: K Board: J /cc/rrf Prob: 0.000000 Payoff: -5
P1: J P2: K Board: J /cc/rc Prob: 0.000000 Payoff: 5
P1: J P2: K Board: J /cc/rf Prob: 0.000000 Payoff: 1
P1: J P2: K Board: J /cc/crrc Prob: 0.005738 Payoff: 9
P1: J P2: K Board: J /cc/crrf Prob: 0.001566 Payoff: 5
P1: J P2: K Board: J /cc/crc Prob: 0.000211 Payoff: 5
P1: J P2: K Board: J /cc/crf Prob: 0.000000 Payoff: -1
P1: J P2: K Board: J /cc/cc Prob: 0.003533 Payoff: 1
P1: J P2: K Board: Q /cc/rrc Prob: 0.000000 Payoff: -9
P1: J P2: K Board: Q /cc/rrf Prob: 0.001594 Payoff: -5
P1: J P2: K Board: Q /cc/rc Prob: 0.000943 Payoff: -5
P1: J P2: K Board: Q /cc/rf Prob: 0.001645 Payoff: 1
P1: J P2: K Board: Q /cc/crrc Prob: 0.000000 Payoff: -9
P1: J P2: K Board: Q /cc/crrf Prob: 0.000000 Payoff: 5
P1: J P2: K Board: Q /cc/crc Prob: 0.000000 Payoff: -5
P1: J P2: K Board: Q /cc/crf Prob: 0.006604 Payoff: -1
P1: J P2: K Board: Q /cc/cc Prob: 0.011310 Payoff: -1
P1: J P2: K Board: K /cc/rrc Prob: 0.000000 Payoff: -9
P1: J P2: K Board: K /cc/rrf Prob: 0.000093 Payoff: -5
P1: J P2: K Board: K /cc/rc Prob: 0.000371 Payoff: -5
P1: J P2: K Board: K /cc/rf Prob: 0.000382 Payoff: 1
P1: J P2: K Board: K /cc/crrc Prob: 0.000000 Payoff: -9
P1: J P2: K Board: K /cc/crrf Prob: 0.000000 Payoff: 5
P1: J P2: K Board: K /cc/crc Prob: 0.000000 Payoff: -5
P1: J P2: K Board: K /cc/crf Prob: 0.005137 Payoff: -1
P1: J P2: K Board: K /cc/cc Prob: 0.005064 Payoff: -1
P1: Q P2: J Board: J /rrc/rrc Prob: 0.000000 Payoff: -13
P1: Q P2: J Board: J /rrc/rrf Prob: 0.000000 Payoff: -9
P1: Q P2: J Board: J /rrc/rc Prob: 0.000000 Payoff: -9
P1: Q P2: J Board: J /rrc/rf Prob: 0.000000 Payoff: 5
P1: Q P2: J Board: J /rrc/crrc Prob: 0.000000 Payoff: -13
P1: Q P2: J Board: J /rrc/crrf Prob: 0.000000 Payoff: 9
P1: Q P2: J Board: J /rrc/crc Prob: 0.000000 Payoff: -9
P1: Q P2: J Board: J /rrc/crf Prob: 0.003931 Payoff: -5
P1: Q P2: J Board: J /rrc/cc Prob: 0.004399 Payoff: -5
P1: Q P2: J Board: Q /rrc/rrc Prob: 0.003825 Payoff: 13
P1: Q P2: J Board: Q /rrc/rrf Prob: 0.000000 Payoff: -9
P1: Q P2: J Board: Q /rrc/rc Prob: 0.000302 Payoff: 9
P1: Q P2: J Board: Q /rrc/rf Prob: 0.004103 Payoff: 5
P1: Q P2: J Board: Q /rrc/crrc Prob: 0.000037 Payoff: 13
P1: Q P2: J Board: Q /rrc/crrf Prob: 0.000015 Payoff: 9
P1: Q P2: J Board: Q /rrc/crc Prob: 0.000000 Payoff: 9
P1: Q P2: J Board: Q /rrc/crf Prob: 0.000000 Payoff: -5
P1: Q P2: J Board: Q /rrc/cc Prob: 0.000048 Payoff: 5
P1: Q P2: J Board: K /rrc/rrc Prob: 0.000000 Payoff: 13
P1: Q P2: J Board: K /rrc/rrf Prob: 0.000429 Payoff: -9
P1: Q P2: J Board: K /rrc/rc Prob: 0.000608 Payoff: 9
P1: Q P2: J Board: K /rrc/rf Prob: 0.001055 Payoff: 5
P1: Q P2: J Board: K /rrc/crrc Prob: 0.000000 Payoff: 13
P1: Q P2: J Board: K /rrc/crrf Prob: 0.000000 Payoff: 9
P1: Q P2: J Board: K /rrc/crc Prob: 0.002526 Payoff: 9
P1: Q P2: J Board: K /rrc/crf Prob: 0.005992 Payoff: -5
P1: Q P2: J Board: K /rrc/cc Prob: 0.006049 Payoff: 5
P1: Q P2: J /rrf Prob: 0.000000 Payoff: -3
P1: Q P2: J Board: J /rc/rrc Prob: 0.000000 Payoff: -11
P1: Q P2: J Board: J /rc/rrf Prob: 0.000009 Payoff: -7
P1: Q P2: J Board: J /rc/rc Prob: 0.000019 Payoff: -7
P1: Q P2: J Board: J /rc/rf Prob: 0.000022 Payoff: 3
P1: Q P2: J Board: J /rc/crrc Prob: 0.000000 Payoff: -11
P1: Q P2: J Board: J /rc/crrf Prob: 0.000000 Payoff: 7
P1: Q P2: J Board: J /rc/crc Prob: 0.000000 Payoff: -7
P1: Q P2: J Board: J /rc/crf Prob: 0.002832 Payoff: -3
P1: Q P2: J Board: J /rc/cc Prob: 0.003109 Payoff: -3
P1: Q P2: J Board: Q /rc/rrc Prob: 0.001348 Payoff: 11
P1: Q P2: J Board: Q /rc/rrf Prob: 0.000000 Payoff: -7
P1: Q P2: J Board: Q /rc/rc Prob: 0.000788 Payoff: 7
P1: Q P2: J Board: Q /rc/rf Prob: 0.000855 Payoff: 3
P1: Q P2: J Board: Q /rc/crrc Prob: 0.001261 Payoff: 11
P1: Q P2: J Board: Q /rc/crrf Prob: 0.000440 Payoff: 7
P1: Q P2: J Board: Q /rc/crc Prob: 0.000000 Payoff: 7
P1: Q P2: J Board: Q /rc/crf Prob: 0.000000 Payoff: -3
P1: Q P2: J Board: Q /rc/cc Prob: 0.001299 Payoff: 3
P1: Q P2: J Board: K /rc/rrc Prob: 0.000503 Payoff: 11
P1: Q P2: J Board: K /rc/rrf Prob: 0.001995 Payoff: -7
P1: Q P2: J Board: K /rc/rc Prob: 0.002253 Payoff: 7
P1: Q P2: J Board: K /rc/rf Prob: 0.000594 Payoff: 3
P1: Q P2: J Board: K /rc/crrc Prob: 0.000027 Payoff: 11
P1: Q P2: J Board: K /rc/crrf Prob: 0.000015 Payoff: 7
P1: Q P2: J Board: K /rc/crc Prob: 0.001291 Payoff: 7
P1: Q P2: J Board: K /rc/crf Prob: 0.001150 Payoff: -3
P1: Q P2: J Board: K /rc/cc Prob: 0.004153 Payoff: 3
P1: Q P2: J /rf Prob: 0.042088 Payoff: 1
P1: Q P2: J Board: J /crrc/rrc Prob: 0.000000 Payoff: -13
P1: Q P2: J Board: J /crrc/rrf Prob: 0.000000 Payoff: -9
P1: Q P2: J Board: J /crrc/rc Prob: 0.000001 Payoff: -9
P1: Q P2: J Board: J /crrc/rf Prob: 0.000000 Payoff: 5
P1: Q P2: J Board: J /crrc/crrc Prob: 0.000000 Payoff: -13
P1: Q P2: J Board: J /crrc/crrf Prob: 0.000000 Payoff: 9
P1: Q P2: J Board: J /crrc/crc Prob: 0.000000 Payoff: -9
P1: Q P2: J Board: J /crrc/crf Prob: 0.000064 Payoff: -5
P1: Q P2: J Board: J /crrc/cc Prob: 0.000145 Payoff: -5
P1: Q P2: J Board: Q /crrc/rrc Prob: 0.000005 Payoff: 13
P1: Q P2: J Board: Q /crrc/rrf Prob: 0.000000 Payoff: -9
P1: Q P2: J Board: Q /crrc/rc Prob: 0.000000 Payoff: 9
P1: Q P2: J Board: Q /crrc/rf Prob: 0.000006 Payoff: 5
P1: Q P2: J Board: Q /crrc/crrc Prob: 0.000032 Payoff: 13
P1: Q P2: J Board: Q /crrc/crrf Prob: 0.000046 Payoff: 9
P1: Q P2: J Board: Q /crrc/crc Prob: 0.000000 Payoff: 9
P1: Q P2: J Board: Q /crrc/crf Prob: 0.000000 Payoff: -5
P1: Q P2: J Board: Q /crrc/cc Prob: 0.000120 Payoff: 5
P1: Q P2: J Board: K /crrc/rrc Prob: 0.000000 Payoff: 13
P1: Q P2: J Board: K /crrc/rrf Prob: 0.000030 Payoff: -9
P1: Q P2: J Board: K /crrc/rc Prob: 0.000194 Payoff: 9
P1: Q P2: J Board: K /crrc/rf Prob: 0.000185 Payoff: 5
P1: Q P2: J Board: K /crrc/crrc Prob: 0.000000 Payoff: 13
P1: Q P2: J Board: K /crrc/crrf Prob: 0.000000 Payoff: 9
P1: Q P2: J Board: K /crrc/crc Prob: 0.000007 Payoff: 9
P1: Q P2: J Board: K /crrc/crf Prob: 0.000003 Payoff: -5
P1: Q P2: J Board: K /crrc/cc Prob: 0.000001 Payoff: 5
P1: Q P2: J /crrf Prob: 0.001247 Payoff: 3
P1: Q P2: J Board: J /crc/rrc Prob: 0.000000 Payoff: -11
P1: Q P2: J Board: J /crc/rrf Prob: 0.000049 Payoff: -7
P1: Q P2: J Board: J /crc/rc Prob: 0.000005 Payoff: -7
P1: Q P2: J Board: J /crc/rf Prob: 0.000024 Payoff: 3
P1: Q P2: J Board: J /crc/crrc Prob: 0.000002 Payoff: -11
P1: Q P2: J Board: J /crc/crrf Prob: 0.000002 Payoff: 7
P1: Q P2: J Board: J /crc/crc Prob: 0.000000 Payoff: -7
P1: Q P2: J Board: J /crc/crf Prob: 0.001942 Payoff: -3
P1: Q P2: J Board: J /crc/cc Prob: 0.000694 Payoff: -3
P1: Q P2: J Board: Q /crc/rrc Prob: 0.001156 Payoff: 11
P1: Q P2: J Board: Q /crc/rrf Prob: 0.000000 Payoff: -7
P1: Q P2: J Board: Q /crc/rc Prob: 0.000265 Payoff: 7
P1: Q P2: J Board: Q /crc/rf Prob: 0.001276 Payoff: 3
P1: Q P2: J Board: Q /crc/crrc Prob: 0.000008 Payoff: 11
P1: Q P2: J Board: Q /crc/crrf Prob: 0.000013 Payoff: 7
P1: Q P2: J Board: Q /crc/crc Prob: 0.000000 Payoff: 7
P1: Q P2: J Board: Q /crc/crf Prob: 0.000000 Payoff: -3
P1: Q P2: J Board: Q /crc/cc Prob: 0.000001 Payoff: 3
P1: Q P2: J Board: K /crc/rrc Prob: 0.000000 Payoff: 11
P1: Q P2: J Board: K /crc/rrf Prob: 0.000015 Payoff: -7
P1: Q P2: J Board: K /crc/rc Prob: 0.000015 Payoff: 7
P1: Q P2: J Board: K /crc/rf Prob: 0.000020 Payoff: 3
P1: Q P2: J Board: K /crc/crrc Prob: 0.000000 Payoff: 11
P1: Q P2: J Board: K /crc/crrf Prob: 0.000000 Payoff: 7
P1: Q P2: J Board: K /crc/crc Prob: 0.002108 Payoff: 7
P1: Q P2: J Board: K /crc/crf Prob: 0.001690 Payoff: -3
P1: Q P2: J Board: K /crc/cc Prob: 0.001590 Payoff: 3
P1: Q P2: J /crf Prob: 0.000000 Payoff: -1
P1: Q P2: J Board: J /cc/rrc Prob: 0.000000 Payoff: -9
P1: Q P2: J Board: J /cc/rrf Prob: 0.000000 Payoff: -5
P1: Q P2: J Board: J /cc/rc Prob: 0.000000 Payoff: -5
P1: Q P2: J Board: J /cc/rf Prob: 0.000000 Payoff: 1
P1: Q P2: J Board: J /cc/crrc Prob: 0.000000 Payoff: -9
P1: Q P2: J Board: J /cc/crrf Prob: 0.000000 Payoff: 5
P1: Q P2: J Board: J /cc/crc Prob: 0.000000 Payoff: -5
P1: Q P2: J Board: J /cc/crf Prob: 0.002894 Payoff: -1
P1: Q P2: J Board: J /cc/cc Prob: 0.002356 Payoff: -1
P1: Q P2: J Board: Q /cc/rrc Prob: 0.001326 Payoff: 9
P1: Q P2: J Board: Q /cc/rrf Prob: 0.000000 Payoff: -5
P1: Q P2: J Board: Q /cc/rc Prob: 0.000818 Payoff: 5
P1: Q P2: J Board: Q /cc/rf Prob: 0.000573 Payoff: 1
P1: Q P2: J Board: Q /cc/crrc Prob: 0.000567 Payoff: 9
P1: Q P2: J Board: Q /cc/crrf Prob: 0.000270 Payoff: 5
P1: Q P2: J Board: Q /cc/crc Prob: 0.000837 Payoff: 5
P1: Q P2: J Board: Q /cc/crf Prob: 0.000000 Payoff: -1
P1: Q P2: J Board: Q /cc/cc Prob: 0.000858 Payoff: 1
P1: Q P2: J Board: K /cc/rrc Prob: 0.001769 Payoff: 9
P1: Q P2: J Board: K /cc/rrf Prob: 0.000040 Payoff: -5
P1: Q P2: J Board: K /cc/rc Prob: 0.002086 Payoff: 5
P1: Q P2: J Board: K /cc/rf Prob: 0.002001 Payoff: 1
P1: Q P2: J Board: K /cc/crrc Prob: 0.000018 Payoff: 9
P1: Q P2: J Board: K /cc/crrf Prob: 0.000026 Payoff: 5
P1: Q P2: J Board: K /cc/crc Prob: 0.003554 Payoff: 5
P1: Q P2: J Board: K /cc/crf Prob: 0.000000 Payoff: -1
P1: Q P2: J Board: K /cc/cc Prob: 0.001007 Payoff: 1
P1: Q P2: Q Board: J /rrc/rrc Prob: 0.000000 Payoff: 0
P1: Q P2: Q Board: J /rrc/rrf Prob: 0.000000 Payoff: -9
P1: Q P2: Q Board: J /rrc/rc Prob: 0.000000 Payoff: 0
P1: Q P2: Q Board: J /rrc/rf Prob: 0.000000 Payoff: 5
P1: Q P2: Q Board: J /rrc/crrc Prob: 0.000000 Payoff: 0
P1: Q P2: Q Board: J /rrc/crrf Prob: 0.000000 Payoff: 9
P1: Q P2: Q Board: J /rrc/crc Prob: 0.000000 Payoff: 0
P1: Q P2: Q Board: J /rrc/crf Prob: 0.003351 Payoff: -5
P1: Q P2: Q Board: J /rrc/cc Prob: 0.003882 Payoff: 0
P1: Q P2: Q Board: K /rrc/rrc Prob: 0.000000 Payoff: 0
P1: Q P2: Q Board: K /rrc/rrf Prob: 0.000786 Payoff: -9
P1: Q P2: Q Board: K /rrc/rc Prob: 0.000012 Payoff: 0
P1: Q P2: Q Board: K /rrc/rf Prob: 0.000111 Payoff: 5
P1: Q P2: Q Board: K /rrc/crrc Prob: 0.000000 Payoff: 0
P1: Q P2: Q Board: K /rrc/crrf Prob: 0.000000 Payoff: 9
P1: Q P2: Q Board: K /rrc/crc Prob: 0.000567 Payoff: 0
P1: Q P2: Q Board: K /rrc/crf Prob: 0.001346 Payoff: -5
P1: Q P2: Q Board: K /rrc/cc Prob: 0.004412 Payoff: 0
P1: Q P2: Q /rrf Prob: 0.000000 Payoff: -3
P1: Q P2: Q Board: J /rc/rrc Prob: 0.000000 Payoff: 0
P1: Q P2: Q Board: J /rc/rrf Prob: 0.000021 Payoff: -7
P1: Q P2: Q Board: J /rc/rc Prob: 0.000030 Payoff: 0
P1: Q P2: Q Board: J /rc/rf Prob: 0.000042 Payoff: 3
P1: Q P2: Q Board: J /rc/crrc Prob: 0.000000 Payoff: 0
P1: Q P2: Q Board: J /rc/crrf Prob: 0.000000 Payoff: 7
P1: Q P2: Q Board: J /rc/crc Prob: 0.000000 Payoff: 0
P1: Q P2: Q Board: J /rc/crf Prob: 0.007606 Payoff: -3
P1: Q P2: Q Board: J /rc/cc Prob: 0.003641 Payoff: 0
P1: Q P2: Q Board: K /rc/rrc Prob: 0.000582 Payoff: 0
P1: Q P2: Q Board: K /rc/rrf Prob: 0.002307 Payoff: -7
P1: Q P2: Q Board: K /rc/rc Prob: 0.000701 Payoff: 0
P1: Q P2: Q Board: K /rc/rf Prob: 0.001469 Payoff: 3
P1: Q P2: Q Board: K /rc/crrc Prob: 0.000022 Payoff: 0
P1: Q P2: Q Board: K /rc/crrf Prob: 0.000040 Payoff: 7
P1: Q P2: Q Board: K /rc/crc Prob: 0.001886 Payoff: 0
P1: Q P2: Q Board: K /rc/crf Prob: 0.001680 Payoff: -3
P1: Q P2: Q Board: K /rc/cc Prob: 0.002653 Payoff: 0
P1: Q P2: Q /rf Prob: 0.012537 Payoff: 1
P1: Q P2: Q Board: J /crrc/rrc Prob: 0.000000 Payoff: 0
P1: Q P2: Q Board: J /crrc/rrf Prob: 0.000001 Payoff: -9
P1: Q P2: Q Board: J /crrc/rc Prob: 0.000000 Payoff: 0
P1: Q P2: Q Board: J /crrc/rf Prob: 0.000001 Payoff: 5
P1: Q P2: Q Board: J /crrc/crrc Prob: 0.000000 Payoff: 0
P1: Q P2: Q Board: J /crrc/crrf Prob: 0.000000 Payoff: 9
P1: Q P2: Q Board: J /crrc/crc Prob: 0.000000 Payoff: 0
P1: Q P2: Q Board: J /crrc/crf Prob: 0.000231 Payoff: -5
P1: Q P2: Q Board: J /crrc/cc Prob: 0.000033 Payoff: 0
P1: Q P2: Q Board: K /crrc/rrc Prob: 0.000000 Payoff: 0
P1: Q P2: Q Board: K /crrc/rrf Prob: 0.000078 Payoff: -9
P1: Q P2: Q Board: K /crrc/rc Prob: 0.000130 Payoff: 0
P1: Q P2: Q Board: K /crrc/rf Prob: 0.000050 Payoff: 5
P1: Q P2: Q Board: K /crrc/crrc Prob: 0.000000 Payoff: 0
P1: Q P2: Q Board: K /crrc/crrf Prob: 0.000000 Payoff: 9
P1: Q P2: Q Board: K /crrc/crc Prob: 0.000002 Payoff: 0
P1: Q P2: Q Board: K /crrc/crf Prob: 0.000001 Payoff: -5
P1: Q P2: Q Board: K /crrc/cc Prob: 0.000005 Payoff: 0
P1: Q P2: Q /crrf Prob: 0.000878 Payoff: 3
P1: Q P2: Q Board: J /crc/rrc Prob: 0.000000 Payoff: 0
P1: Q P2: Q Board: J /crc/rrf Prob: 0.000017 Payoff: -7
P1: Q P2: Q Board: J /crc/rc Prob: 0.000051 Payoff: 0
P1: Q P2: Q Board: J /crc/rf Prob: 0.000038 Payoff: 3
P1: Q P2: Q Board: J /crc/crrc Prob: 0.000002 Payoff: 0
P1: Q P2: Q Board: J /crc/crrf Prob: 0.000002 Payoff: 7
P1: Q P2: Q Board: J /crc/crc Prob: 0.000000 Payoff: 0
P1: Q P2: Q Board: J /crc/crf Prob: 0.002140 Payoff: -3
P1: Q P2: Q Board: J /crc/cc Prob: 0.001420 Payoff: 0
P1: Q P2: Q Board: K /crc/rrc Prob: 0.000000 Payoff: 0
P1: Q P2: Q Board: K /crc/rrf Prob: 0.000011 Payoff: -7
P1: Q P2: Q Board: K /crc/rc Prob: 0.000012 Payoff: 0
P1: Q P2: Q Board: K /crc/rf Prob: 0.000011 Payoff: 3
P1: Q P2: Q Board: K /crc/crrc Prob: 0.000000 Payoff: 0
P1: Q P2: Q Board: K /crc/crrf Prob: 0.000000 Payoff: 7
P1: Q P2: Q Board: K /crc/crc Prob: 0.000726 Payoff: 0
P1: Q P2: Q Board: K /crc/crf Prob: 0.000582 Payoff: -3
P1: Q P2: Q Board: K /crc/cc Prob: 0.002329 Payoff: 0
P1: Q P2: Q /crf Prob: 0.000000 Payoff: -1
P1: Q P2: Q Board: J /cc/rrc Prob: 0.000000 Payoff: 0
P1: Q P2: Q Board: J /cc/rrf Prob: 0.000000 Payoff: -5
P1: Q P2: Q Board: J /cc/rc Prob: 0.000000 Payoff: 0
P1: Q P2: Q Board: J /cc/rf Prob: 0.000000 Payoff: 1
P1: Q P2: Q Board: J /cc/crrc Prob: 0.000000 Payoff: 0
P1: Q P2: Q Board: J /cc/crrf Prob: 0.000000 Payoff: 5
P1: Q P2: Q Board: J /cc/crc Prob: 0.000000 Payoff: 0
P1: Q P2: Q Board: J /cc/crf Prob: 0.003653 Payoff: -1
P1: Q P2: Q Board: J /cc/cc Prob: 0.000463 Payoff: 0
P1: Q P2: Q Board: K /cc/rrc Prob: 0.000990 Payoff: 0
P1: Q P2: Q Board: K /cc/rrf Prob: 0.000022 Payoff: -5
P1: Q P2: Q Board: K /cc/rc Prob: 0.000867 Payoff: 0
P1: Q P2: Q Board: K /cc/rf Prob: 0.000431 Payoff: 1
P1: Q P2: Q Board: K /cc/crrc Prob: 0.000010 Payoff: 0
P1: Q P2: Q Board: K /cc/crrf Prob: 0.000011 Payoff: 5
P1: Q P2: Q Board: K /cc/crc Prob: 0.001618 Payoff: 0
P1: Q P2: Q Board: K /cc/crf Prob: 0.000000 Payoff: -1
P1: Q P2: Q Board: K /cc/cc Prob: 0.000167 Payoff: 0
P1: Q P2: K Board: J /rrc/rrc Prob: 0.000000 Payoff: -13
P1: Q P2: K Board: J /rrc/rrf Prob: 0.000000 Payoff: -9
P1: Q P2: K Board: J /rrc/rc Prob: 0.000000 Payoff: -9
P1: Q P2: K Board: J /rrc/rf Prob: 0.000000 Payoff: 5
P1: Q P2: K Board: J /rrc/crrc Prob: 0.000000 Payoff: -13
P1: Q P2: K Board: J /rrc/crrf Prob: 0.000000 Payoff: 9
P1: Q P2: K Board: J /rrc/crc Prob: 0.000000 Payoff: -9
P1: Q P2: K Board: J /rrc/crf Prob: 0.009460 Payoff: -5
P1: Q P2: K Board: J /rrc/cc Prob: 0.002996 Payoff: -5
P1: Q P2: K Board: Q /rrc/rrc Prob: 0.001231 Payoff: 13
P1: Q P2: K Board: Q /rrc/rrf Prob: 0.000000 Payoff: -9
P1: Q P2: K Board: Q /rrc/rc Prob: 0.003216 Payoff: 9
P1: Q P2: K Board: Q /rrc/rf Prob: 0.001707 Payoff: 5
P1: Q P2: K Board: Q /rrc/crrc Prob: 0.000054 Payoff: 13
P1: Q P2: K Board: Q /rrc/crrf Prob: 0.000006 Payoff: 9
P1: Q P2: K Board: Q /rrc/crc Prob: 0.000000 Payoff: 9
P1: Q P2: K Board: Q /rrc/crf Prob: 0.000000 Payoff: -5
P1: Q P2: K Board: Q /rrc/cc Prob: 0.000014 Payoff: 5
P1: Q P2: K Board: K /rrc/rrc Prob: 0.000000 Payoff: -13
P1: Q P2: K Board: K /rrc/rrf Prob: 0.000299 Payoff: -9
P1: Q P2: K Board: K /rrc/rc Prob: 0.000293 Payoff: -9
P1: Q P2: K Board: K /rrc/rf Prob: 0.000191 Payoff: 5
P1: Q P2: K Board: K /rrc/crrc Prob: 0.000000 Payoff: -13
P1: Q P2: K Board: K /rrc/crrf Prob: 0.000000 Payoff: 9
P1: Q P2: K Board: K /rrc/crc Prob: 0.000336 Payoff: -9
P1: Q P2: K Board: K /rrc/crf Prob: 0.000797 Payoff: -5
P1: Q P2: K Board: K /rrc/cc Prob: 0.004312 Payoff: -5
P1: Q P2: K /rrf Prob: 0.000000 Payoff: -3
P1: Q P2: K Board: J /rc/rrc Prob: 0.000000 Payoff: -11
P1: Q P2: K Board: J /rc/rrf Prob: 0.000033 Payoff: -7
P1: Q P2: K Board: J /rc/rc Prob: 0.000057 Payoff: -7
P1: Q P2: K Board: J /rc/rf Prob: 0.000045 Payoff: 3
P1: Q P2: K Board: J /rc/crrc Prob: 0.000000 Payoff: -11
P1: Q P2: K Board: J /rc/crrf Prob: 0.000000 Payoff: 7
P1: Q P2: K Board: J /rc/crc Prob: 0.000000 Payoff: -7
P1: Q P2: K Board: J /rc/crf Prob: 0.003030 Payoff: -3
P1: Q P2: K Board: J /rc/cc Prob: 0.013193 Payoff: -3
P1: Q P2: K Board: Q /rc/rrc Prob: 0.001195 Payoff: 11
P1: Q P2: K Board: Q /rc/rrf Prob: 0.000000 Payoff: -7
P1: Q P2: K Board: Q /rc/rc Prob: 0.001503 Payoff: 7
P1: Q P2: K Board: Q /rc/rf Prob: 0.001386 Payoff: 3
P1: Q P2: K Board: Q /rc/crrc Prob: 0.000828 Payoff: 11
P1: Q P2: K Board: Q /rc/crrf Prob: 0.001040 Payoff: 7
P1: Q P2: K Board: Q /rc/crc Prob: 0.000000 Payoff: 7
P1: Q P2: K Board: Q /rc/crf Prob: 0.000000 Payoff: -3
P1: Q P2: K Board: Q /rc/cc Prob: 0.002227 Payoff: 3
P1: Q P2: K Board: K /rc/rrc Prob: 0.000364 Payoff: -11
P1: Q P2: K Board: K /rc/rrf Prob: 0.001442 Payoff: -7
P1: Q P2: K Board: K /rc/rc Prob: 0.001609 Payoff: -7
P1: Q P2: K Board: K /rc/rf Prob: 0.000234 Payoff: 3
P1: Q P2: K Board: K /rc/crrc Prob: 0.000020 Payoff: -11
P1: Q P2: K Board: K /rc/crrf Prob: 0.000056 Payoff: 7
P1: Q P2: K Board: K /rc/crc Prob: 0.002316 Payoff: -7
P1: Q P2: K Board: K /rc/crf Prob: 0.002063 Payoff: -3
P1: Q P2: K Board: K /rc/cc Prob: 0.000074 Payoff: -3
P1: Q P2: K /rf Prob: 0.041739 Payoff: 1
P1: Q P2: K Board: J /crrc/rrc Prob: 0.000000 Payoff: -13
P1: Q P2: K Board: J /crrc/rrf Prob: 0.000001 Payoff: -9
P1: Q P2: K Board: J /crrc/rc Prob: 0.000003 Payoff: -9
P1: Q P2: K Board: J /crrc/rf Prob: 0.000002 Payoff: 5
P1: Q P2: K Board: J /crrc/crrc Prob: 0.000000 Payoff: -13
P1: Q P2: K Board: J /crrc/crrf Prob: 0.000000 Payoff: 9
P1: Q P2: K Board: J /crrc/crc Prob: 0.000000 Payoff: -9
P1: Q P2: K Board: J /crrc/crf Prob: 0.000222 Payoff: -5
P1: Q P2: K Board: J /crrc/cc Prob: 0.000666 Payoff: -5
P1: Q P2: K Board: Q /crrc/rrc Prob: 0.000007 Payoff: 13
P1: Q P2: K Board: Q /crrc/rrf Prob: 0.000000 Payoff: -9
P1: Q P2: K Board: Q /crrc/rc Prob: 0.000007 Payoff: 9
P1: Q P2: K Board: Q /crrc/rf Prob: 0.000010 Payoff: 5
P1: Q P2: K Board: Q /crrc/crrc Prob: 0.000044 Payoff: 13
P1: Q P2: K Board: Q /crrc/crrf Prob: 0.000053 Payoff: 9
P1: Q P2: K Board: Q /crrc/crc Prob: 0.000000 Payoff: 9
P1: Q P2: K Board: Q /crrc/crf Prob: 0.000000 Payoff: -5
P1: Q P2: K Board: Q /crrc/cc Prob: 0.000326 Payoff: 5
P1: Q P2: K Board: K /crrc/rrc Prob: 0.000000 Payoff: -13
P1: Q P2: K Board: K /crrc/rrf Prob: 0.000123 Payoff: -9
P1: Q P2: K Board: K /crrc/rc Prob: 0.000137 Payoff: -9
P1: Q P2: K Board: K /crrc/rf Prob: 0.000175 Payoff: 5
P1: Q P2: K Board: K /crrc/crrc Prob: 0.000000 Payoff: -13
P1: Q P2: K Board: K /crrc/crrf Prob: 0.000000 Payoff: 9
P1: Q P2: K Board: K /crrc/crc Prob: 0.000007 Payoff: -9
P1: Q P2: K Board: K /crrc/crf Prob: 0.000003 Payoff: -5
P1: Q P2: K Board: K /crrc/cc Prob: 0.000002 Payoff: -5
P1: Q P2: K /crrf Prob: 0.001724 Payoff: 3
P1: Q P2: K Board: J /crc/rrc Prob: 0.000000 Payoff: -11
P1: Q P2: K Board: J /crc/rrf Prob: 0.000208 Payoff: -7
P1: Q P2: K Board: J /crc/rc Prob: 0.000054 Payoff: -7
P1: Q P2: K Board: J /crc/rf Prob: 0.000003 Payoff: 3
P1: Q P2: K Board: J /crc/crrc Prob: 0.000004 Payoff: -11
P1: Q P2: K Board: J /crc/crrf Prob: 0.000004 Payoff: 7
P1: Q P2: K Board: J /crc/crc Prob: 0.000000 Payoff: -7
P1: Q P2: K Board: J /crc/crf Prob: 0.004033 Payoff: -3
P1: Q P2: K Board: J /crc/cc Prob: 0.004838 Payoff: -3
P1: Q P2: K Board: Q /crc/rrc Prob: 0.002117 Payoff: 11
P1: Q P2: K Board: Q /crc/rrf Prob: 0.000000 Payoff: -7
P1: Q P2: K Board: Q /crc/rc Prob: 0.000942 Payoff: 7
P1: Q P2: K Board: Q /crc/rf Prob: 0.001476 Payoff: 3
P1: Q P2: K Board: Q /crc/crrc Prob: 0.000004 Payoff: 11
P1: Q P2: K Board: Q /crc/crrf Prob: 0.000004 Payoff: 7
P1: Q P2: K Board: Q /crc/crc Prob: 0.000000 Payoff: 7
P1: Q P2: K Board: Q /crc/crf Prob: 0.000000 Payoff: -3
P1: Q P2: K Board: Q /crc/cc Prob: 0.000029 Payoff: 3
P1: Q P2: K Board: K /crc/rrc Prob: 0.000000 Payoff: -11
P1: Q P2: K Board: K /crc/rrf Prob: 0.000004 Payoff: -7
P1: Q P2: K Board: K /crc/rc Prob: 0.000026 Payoff: -7
P1: Q P2: K Board: K /crc/rf Prob: 0.000013 Payoff: 3
P1: Q P2: K Board: K /crc/crrc Prob: 0.000000 Payoff: -11
P1: Q P2: K Board: K /crc/crrf Prob: 0.000000 Payoff: 7
P1: Q P2: K Board: K /crc/crc Prob: 0.000783 Payoff: -7
P1: Q P2: K Board: K /crc/crf Prob: 0.000627 Payoff: -3
P1: Q P2: K Board: K /crc/cc Prob: 0.003120 Payoff: -3
P1: Q P2: K /crf Prob: 0.000000 Payoff: -1
P1: Q P2: K Board: J /cc/rrc Prob: 0.000000 Payoff: -9
P1: Q P2: K Board: J /cc/rrf Prob: 0.000000 Payoff: -5
P1: Q P2: K Board: J /cc/rc Prob: 0.000000 Payoff: -5
P1: Q P2: K Board: J /cc/rf Prob: 0.000000 Payoff: 1
P1: Q P2: K Board: J /cc/crrc Prob: 0.000000 Payoff: -9
P1: Q P2: K Board: J /cc/crrf Prob: 0.000000 Payoff: 5
P1: Q P2: K Board: J /cc/crc Prob: 0.000000 Payoff: -5
P1: Q P2: K Board: J /cc/crf Prob: 0.004137 Payoff: -1
P1: Q P2: K Board: J /cc/cc Prob: 0.001945 Payoff: -1
P1: Q P2: K Board: Q /cc/rrc Prob: 0.000600 Payoff: 9
P1: Q P2: K Board: Q /cc/rrf Prob: 0.000000 Payoff: -5
P1: Q P2: K Board: Q /cc/rc Prob: 0.000355 Payoff: 5
P1: Q P2: K Board: Q /cc/rf Prob: 0.000619 Payoff: 1
P1: Q P2: K Board: Q /cc/crrc Prob: 0.000095 Payoff: 9
P1: Q P2: K Board: Q /cc/crrf Prob: 0.000176 Payoff: 5
P1: Q P2: K Board: Q /cc/crc Prob: 0.000270 Payoff: 5
P1: Q P2: K Board: Q /cc/crf Prob: 0.000000 Payoff: -1
P1: Q P2: K Board: Q /cc/cc Prob: 0.000926 Payoff: 1
P1: Q P2: K Board: K /cc/rrc Prob: 0.000184 Payoff: -9
P1: Q P2: K Board: K /cc/rrf Prob: 0.000004 Payoff: -5
P1: Q P2: K Board: K /cc/rc Prob: 0.000748 Payoff: -5
P1: Q P2: K Board: K /cc/rf Prob: 0.000771 Payoff: 1
P1: Q P2: K Board: K /cc/crrc Prob: 0.000008 Payoff: -9
P1: Q P2: K Board: K /cc/crrf Prob: 0.000001 Payoff: 5
P1: Q P2: K Board: K /cc/crc Prob: 0.000663 Payoff: -5
P1: Q P2: K Board: K /cc/crf Prob: 0.000000 Payoff: -1
P1: Q P2: K Board: K /cc/cc Prob: 0.000662 Payoff: -1
P1: K P2: J Board: J /rrc/rrc Prob: 0.000037 Payoff: -13
P1: K P2: J Board: J /rrc/rrf Prob: 0.000042 Payoff: -9
P1: K P2: J Board: J /rrc/rc Prob: 0.000151 Payoff: -9
P1: K P2: J Board: J /rrc/rf Prob: 0.000475 Payoff: 5
P1: K P2: J Board: J /rrc/crrc Prob: 0.000000 Payoff: -13
P1: K P2: J Board: J /rrc/crrf Prob: 0.000000 Payoff: 9
P1: K P2: J Board: J /rrc/crc Prob: 0.003640 Payoff: -9
P1: K P2: J Board: J /rrc/crf Prob: 0.000000 Payoff: -5
P1: K P2: J Board: J /rrc/cc Prob: 0.004073 Payoff: -5
P1: K P2: J Board: Q /rrc/rrc Prob: 0.002179 Payoff: 13
P1: K P2: J Board: Q /rrc/rrf Prob: 0.003389 Payoff: -9
P1: K P2: J Board: Q /rrc/rc Prob: 0.000440 Payoff: 9
P1: K P2: J Board: Q /rrc/rf Prob: 0.005972 Payoff: 5
P1: K P2: J Board: Q /rrc/crrc Prob: 0.000035 Payoff: 13
P1: K P2: J Board: Q /rrc/crrf Prob: 0.000014 Payoff: 9
P1: K P2: J Board: Q /rrc/crc Prob: 0.002312 Payoff: 9
P1: K P2: J Board: Q /rrc/crf Prob: 0.000170 Payoff: -5
P1: K P2: J Board: Q /rrc/cc Prob: 0.002324 Payoff: 5
P1: K P2: J Board: K /rrc/rrc Prob: 0.000916 Payoff: 13
P1: K P2: J Board: K /rrc/rrf Prob: 0.000000 Payoff: -9
P1: K P2: J Board: K /rrc/rc Prob: 0.001299 Payoff: 9
P1: K P2: J Board: K /rrc/rf Prob: 0.002254 Payoff: 5
P1: K P2: J Board: K /rrc/crrc Prob: 0.000896 Payoff: 13
P1: K P2: J Board: K /rrc/crrf Prob: 0.001414 Payoff: 9
P1: K P2: J Board: K /rrc/crc Prob: 0.000000 Payoff: 9
P1: K P2: J Board: K /rrc/crf Prob: 0.000000 Payoff: -5
P1: K P2: J Board: K /rrc/cc Prob: 0.001640 Payoff: 5
P1: K P2: J /rrf Prob: 0.000000 Payoff: -3
P1: K P2: J Board: J /rc/rrc Prob: 0.000028 Payoff: -11
P1: K P2: J Board: J /rc/rrf Prob: 0.000061 Payoff: -7
P1: K P2: J Board: J /rc/rc Prob: 0.000176 Payoff: -7
P1: K P2: J Board: J /rc/rf Prob: 0.000203 Payoff: 3
P1: K P2: J Board: J /rc/crrc Prob: 0.000002 Payoff: -11
P1: K P2: J Board: J /rc/crrf Prob: 0.000006 Payoff: 7
P1: K P2: J Board: J /rc/crc Prob: 0.002639 Payoff: -7
P1: K P2: J Board: J /rc/crf Prob: 0.000015 Payoff: -3
P1: K P2: J Board: J /rc/cc Prob: 0.002924 Payoff: -3
P1: K P2: J Board: Q /rc/rrc Prob: 0.000000 Payoff: 11
P1: K P2: J Board: Q /rc/rrf Prob: 0.000000 Payoff: -7
P1: K P2: J Board: Q /rc/rc Prob: 0.000000 Payoff: 7
P1: K P2: J Board: Q /rc/rf Prob: 0.000000 Payoff: 3
P1: K P2: J Board: Q /rc/crrc Prob: 0.000000 Payoff: 11
P1: K P2: J Board: Q /rc/crrf Prob: 0.000000 Payoff: 7
P1: K P2: J Board: Q /rc/crc Prob: 0.003353 Payoff: 7
P1: K P2: J Board: Q /rc/crf Prob: 0.003512 Payoff: -3
P1: K P2: J Board: Q /rc/cc Prob: 0.005243 Payoff: 3
P1: K P2: J Board: K /rc/rrc Prob: 0.002339 Payoff: 11
P1: K P2: J Board: K /rc/rrf Prob: 0.000000 Payoff: -7
P1: K P2: J Board: K /rc/rc Prob: 0.002109 Payoff: 7
P1: K P2: J Board: K /rc/rf Prob: 0.000556 Payoff: 3
P1: K P2: J Board: K /rc/crrc Prob: 0.000251 Payoff: 11
P1: K P2: J Board: K /rc/crrf Prob: 0.000142 Payoff: 7
P1: K P2: J Board: K /rc/crc Prob: 0.000000 Payoff: 7
P1: K P2: J Board: K /rc/crf Prob: 0.000000 Payoff: -3
P1: K P2: J Board: K /rc/cc Prob: 0.000657 Payoff: 3
P1: K P2: J /rf Prob: 0.042532 Payoff: 1
P1: K P2: J Board: J /crrc/rrc Prob: 0.000007 Payoff: -13
P1: K P2: J Board: J /crrc/rrf Prob: 0.000011 Payoff: -9
P1: K P2: J Board: J /crrc/rc Prob: 0.000029 Payoff: -9
P1: K P2: J Board: J /crrc/rf Prob: 0.000016 Payoff: 5
P1: K P2: J Board: J /crrc/crrc Prob: 0.000000 Payoff: -13
P1: K P2: J Board: J /crrc/crrf Prob: 0.000000 Payoff: 9
P1: K P2: J Board: J /crrc/crc Prob: 0.000246 Payoff: -9
P1: K P2: J Board: J /crrc/crf Prob: 0.000000 Payoff: -5
P1: K P2: J Board: J /crrc/cc Prob: 0.000563 Payoff: -5
P1: K P2: J Board: Q /crrc/rrc Prob: 0.000003 Payoff: 13
P1: K P2: J Board: Q /crrc/rrf Prob: 0.000003 Payoff: -9
P1: K P2: J Board: Q /crrc/rc Prob: 0.000000 Payoff: 9
P1: K P2: J Board: Q /crrc/rf Prob: 0.000008 Payoff: 5
P1: K P2: J Board: Q /crrc/crrc Prob: 0.000003 Payoff: 13
P1: K P2: J Board: Q /crrc/crrf Prob: 0.000004 Payoff: 9
P1: K P2: J Board: Q /crrc/crc Prob: 0.000467 Payoff: 9
P1: K P2: J Board: Q /crrc/crf Prob: 0.000210 Payoff: -5
P1: K P2: J Board: Q /crrc/cc Prob: 0.001047 Payoff: 5
P1: K P2: J Board: K /crrc/rrc Prob: 0.000065 Payoff: 13
P1: K P2: J Board: K /crrc/rrf Prob: 0.000000 Payoff: -9
P1: K P2: J Board: K /crrc/rc Prob: 0.000412 Payoff: 9
P1: K P2: J Board: K /crrc/rf Prob: 0.000393 Payoff: 5
P1: K P2: J Board: K /crrc/crrc Prob: 0.000001 Payoff: 13
P1: K P2: J Board: K /crrc/crrf Prob: 0.000001 Payoff: 9
P1: K P2: J Board: K /crrc/crc Prob: 0.000000 Payoff: 9
P1: K P2: J Board: K /crrc/crf Prob: 0.000000 Payoff: -5
P1: K P2: J Board: K /crrc/cc Prob: 0.000000 Payoff: 5
P1: K P2: J /crrf Prob: 0.005177 Payoff: 3
P1: K P2: J Board: J /crc/rrc Prob: 0.000000 Payoff: -11
P1: K P2: J Board: J /crc/rrf Prob: 0.000000 Payoff: -7
P1: K P2: J Board: J /crc/rc Prob: 0.000000 Payoff: -7
P1: K P2: J Board: J /crc/rf Prob: 0.000000 Payoff: 3
P1: K P2: J Board: J /crc/crrc Prob: 0.000000 Payoff: -11
P1: K P2: J Board: J /crc/crrf Prob: 0.000000 Payoff: 7
P1: K P2: J Board: J /crc/crc Prob: 0.000718 Payoff: -7
P1: K P2: J Board: J /crc/crf Prob: 0.000000 Payoff: -3
P1: K P2: J Board: J /crc/cc Prob: 0.000256 Payoff: -3
P1: K P2: J Board: Q /crc/rrc Prob: 0.000000 Payoff: 11
P1: K P2: J Board: Q /crc/rrf Prob: 0.000751 Payoff: -7
P1: K P2: J Board: Q /crc/rc Prob: 0.000172 Payoff: 7
P1: K P2: J Board: Q /crc/rf Prob: 0.000829 Payoff: 3
P1: K P2: J Board: Q /crc/crrc Prob: 0.000000 Payoff: 11
P1: K P2: J Board: Q /crc/crrf Prob: 0.000000 Payoff: 7
P1: K P2: J Board: Q /crc/crc Prob: 0.000104 Payoff: 7
P1: K P2: J Board: Q /crc/crf Prob: 0.000084 Payoff: -3
P1: K P2: J Board: Q /crc/cc Prob: 0.000009 Payoff: 3
P1: K P2: J Board: K /crc/rrc Prob: 0.000023 Payoff: 11
P1: K P2: J Board: K /crc/rrf Prob: 0.000000 Payoff: -7
P1: K P2: J Board: K /crc/rc Prob: 0.000024 Payoff: 7
P1: K P2: J Board: K /crc/rf Prob: 0.000032 Payoff: 3
P1: K P2: J Board: K /crc/crrc Prob: 0.000027 Payoff: 11
P1: K P2: J Board: K /crc/crrf Prob: 0.000604 Payoff: 7
P1: K P2: J Board: K /crc/crc Prob: 0.000000 Payoff: 7
P1: K P2: J Board: K /crc/crf Prob: 0.000000 Payoff: -3
P1: K P2: J Board: K /crc/cc Prob: 0.000264 Payoff: 3
P1: K P2: J /crf Prob: 0.000000 Payoff: -1
P1: K P2: J Board: J /cc/rrc Prob: 0.000000 Payoff: -9
P1: K P2: J Board: J /cc/rrf Prob: 0.000000 Payoff: -5
P1: K P2: J Board: J /cc/rc Prob: 0.000000 Payoff: -5
P1: K P2: J Board: J /cc/rf Prob: 0.000000 Payoff: 1
P1: K P2: J Board: J /cc/crrc Prob: 0.000000 Payoff: -9
P1: K P2: J Board: J /cc/crrf Prob: 0.000000 Payoff: 5
P1: K P2: J Board: J /cc/crc Prob: 0.000000 Payoff: -5
P1: K P2: J Board: J /cc/crf Prob: 0.002805 Payoff: -1
P1: K P2: J Board: J /cc/cc Prob: 0.002283 Payoff: -1
P1: K P2: J Board: Q /cc/rrc Prob: 0.000000 Payoff: 9
P1: K P2: J Board: Q /cc/rrf Prob: 0.000000 Payoff: -5
P1: K P2: J Board: Q /cc/rc Prob: 0.000000 Payoff: 5
P1: K P2: J Board: Q /cc/rf Prob: 0.000000 Payoff: 1
P1: K P2: J Board: Q /cc/crrc Prob: 0.000000 Payoff: 9
P1: K P2: J Board: Q /cc/crrf Prob: 0.000000 Payoff: 5
P1: K P2: J Board: Q /cc/crc Prob: 0.002833 Payoff: 5
P1: K P2: J Board: Q /cc/crf Prob: 0.003894 Payoff: -1
P1: K P2: J Board: Q /cc/cc Prob: 0.003449 Payoff: 1
P1: K P2: J Board: K /cc/rrc Prob: 0.001557 Payoff: 9
P1: K P2: J Board: K /cc/rrf Prob: 0.000000 Payoff: -5
P1: K P2: J Board: K /cc/rc Prob: 0.001796 Payoff: 5
P1: K P2: J Board: K /cc/rf Prob: 0.001723 Payoff: 1
P1: K P2: J Board: K /cc/crrc Prob: 0.000004 Payoff: 9
P1: K P2: J Board: K /cc/crrf Prob: 0.000005 Payoff: 5
P1: K P2: J Board: K /cc/crc Prob: 0.000000 Payoff: 5
P1: K P2: J Board: K /cc/crf Prob: 0.000000 Payoff: -1
P1: K P2: J Board: K /cc/cc Prob: 0.000003 Payoff: 1
P1: K P2: Q Board: J /rrc/rrc Prob: 0.000170 Payoff: 13
P1: K P2: Q Board: J /rrc/rrf Prob: 0.000194 Payoff: -9
P1: K P2: Q Board: J /rrc/rc Prob: 0.000310 Payoff: 9
P1: K P2: Q Board: J /rrc/rf Prob: 0.000549 Payoff: 5
P1: K P2: Q Board: J /rrc/crrc Prob: 0.000000 Payoff: 13
P1: K P2: Q Board: J /rrc/crrf Prob: 0.000000 Payoff: 9
P1: K P2: Q Board: J /rrc/crc Prob: 0.006205 Payoff: 9
P1: K P2: Q Board: J /rrc/crf Prob: 0.000000 Payoff: -5
P1: K P2: Q Board: J /rrc/cc Prob: 0.007189 Payoff: 5
P1: K P2: Q Board: Q /rrc/rrc Prob: 0.001231 Payoff: -13
P1: K P2: Q Board: Q /rrc/rrf Prob: 0.001914 Payoff: -9
P1: K P2: Q Board: Q /rrc/rc Prob: 0.001101 Payoff: -9
P1: K P2: Q Board: Q /rrc/rf Prob: 0.000955 Payoff: 5
P1: K P2: Q Board: Q /rrc/crrc Prob: 0.000008 Payoff: -13
P1: K P2: Q Board: Q /rrc/crrf Prob: 0.000001 Payoff: 9
P1: K P2: Q Board: Q /rrc/crc Prob: 0.000450 Payoff: -9
P1: K P2: Q Board: Q /rrc/crf Prob: 0.000033 Payoff: -5
P1: K P2: Q Board: Q /rrc/cc Prob: 0.001615 Payoff: -5
P1: K P2: Q Board: K /rrc/rrc Prob: 0.003357 Payoff: 13
P1: K P2: Q Board: K /rrc/rrf Prob: 0.000000 Payoff: -9
P1: K P2: Q Board: K /rrc/rc Prob: 0.000051 Payoff: 9
P1: K P2: Q Board: K /rrc/rf Prob: 0.000472 Payoff: 5
P1: K P2: Q Board: K /rrc/crrc Prob: 0.000586 Payoff: 13
P1: K P2: Q Board: K /rrc/crrf Prob: 0.000452 Payoff: 9
P1: K P2: Q Board: K /rrc/crc Prob: 0.000000 Payoff: 9
P1: K P2: Q Board: K /rrc/crf Prob: 0.000000 Payoff: -5
P1: K P2: Q Board: K /rrc/cc Prob: 0.002392 Payoff: 5
P1: K P2: Q /rrf Prob: 0.000000 Payoff: -3
P1: K P2: Q Board: J /rc/rrc Prob: 0.000125 Payoff: 11
P1: K P2: Q Board: J /rc/rrf Prob: 0.000276 Payoff: -7
P1: K P2: Q Board: J /rc/rc Prob: 0.000568 Payoff: 7
P1: K P2: Q Board: J /rc/rf Prob: 0.000800 Payoff: 3
P1: K P2: Q Board: J /rc/crrc Prob: 0.000004 Payoff: 11
P1: K P2: Q Board: J /rc/crrf Prob: 0.000041 Payoff: 7
P1: K P2: Q Board: J /rc/crc Prob: 0.014178 Payoff: 7
P1: K P2: Q Board: J /rc/crf Prob: 0.000081 Payoff: -3
P1: K P2: Q Board: J /rc/cc Prob: 0.006848 Payoff: 3
P1: K P2: Q Board: Q /rc/rrc Prob: 0.000000 Payoff: -11
P1: K P2: Q Board: Q /rc/rrf Prob: 0.000000 Payoff: -7
P1: K P2: Q Board: Q /rc/rc Prob: 0.000000 Payoff: -7
P1: K P2: Q Board: Q /rc/rf Prob: 0.000000 Payoff: 3
P1: K P2: Q Board: Q /rc/crrc Prob: 0.000000 Payoff: -11
P1: K P2: Q Board: Q /rc/crrf Prob: 0.000000 Payoff: 7
P1: K P2: Q Board: Q /rc/crc Prob: 0.003754 Payoff: -7
P1: K P2: Q Board: Q /rc/crf Prob: 0.003932 Payoff: -3
P1: K P2: Q Board: Q /rc/cc Prob: 0.003775 Payoff: -3
P1: K P2: Q Board: K /rc/rrc Prob: 0.005409 Payoff: 11
P1: K P2: Q Board: K /rc/rrf Prob: 0.000000 Payoff: -7
P1: K P2: Q Board: K /rc/rc Prob: 0.001313 Payoff: 7
P1: K P2: Q Board: K /rc/rf Prob: 0.002751 Payoff: 3
P1: K P2: Q Board: K /rc/crrc Prob: 0.000415 Payoff: 11
P1: K P2: Q Board: K /rc/crrf Prob: 0.000733 Payoff: 7
P1: K P2: Q Board: K /rc/crc Prob: 0.000000 Payoff: 7
P1: K P2: Q Board: K /rc/crf Prob: 0.000000 Payoff: -3
P1: K P2: Q Board: K /rc/cc Prob: 0.000839 Payoff: 3
P1: K P2: Q /rf Prob: 0.025339 Payoff: 1
P1: K P2: Q Board: J /crrc/rrc Prob: 0.000024 Payoff: 13
P1: K P2: Q Board: J /crrc/rrf Prob: 0.000038 Payoff: -9
P1: K P2: Q Board: J /crrc/rc Prob: 0.000046 Payoff: 9
P1: K P2: Q Board: J /crrc/rf Prob: 0.000049 Payoff: 5
P1: K P2: Q Board: J /crrc/crrc Prob: 0.000001 Payoff: 13
P1: K P2: Q Board: J /crrc/crrf Prob: 0.000001 Payoff: 9
P1: K P2: Q Board: J /crrc/crc Prob: 0.001790 Payoff: 9
P1: K P2: Q Board: J /crrc/crf Prob: 0.000002 Payoff: -5
P1: K P2: Q Board: J /crrc/cc Prob: 0.000253 Payoff: 5
P1: K P2: Q Board: Q /crrc/rrc Prob: 0.000001 Payoff: -13
P1: K P2: Q Board: Q /crrc/rrf Prob: 0.000001 Payoff: -9
P1: K P2: Q Board: Q /crrc/rc Prob: 0.000003 Payoff: -9
P1: K P2: Q Board: Q /crrc/rf Prob: 0.000003 Payoff: 5
P1: K P2: Q Board: Q /crrc/crrc Prob: 0.000002 Payoff: -13
P1: K P2: Q Board: Q /crrc/crrf Prob: 0.000003 Payoff: 9
P1: K P2: Q Board: Q /crrc/crc Prob: 0.000367 Payoff: -9
P1: K P2: Q Board: Q /crrc/crf Prob: 0.000165 Payoff: -5
P1: K P2: Q Board: Q /crrc/cc Prob: 0.000556 Payoff: -5
P1: K P2: Q Board: K /crrc/rrc Prob: 0.000332 Payoff: 13
P1: K P2: Q Board: K /crrc/rrf Prob: 0.000000 Payoff: -9
P1: K P2: Q Board: K /crrc/rc Prob: 0.000552 Payoff: 9
P1: K P2: Q Board: K /crrc/rf Prob: 0.000215 Payoff: 5
P1: K P2: Q Board: K /crrc/crrc Prob: 0.000001 Payoff: 13
P1: K P2: Q Board: K /crrc/crrf Prob: 0.000000 Payoff: 9
P1: K P2: Q Board: K /crrc/crc Prob: 0.000000 Payoff: 9
P1: K P2: Q Board: K /crrc/crf Prob: 0.000000 Payoff: -5
P1: K P2: Q Board: K /crrc/cc Prob: 0.000002 Payoff: 5
P1: K P2: Q /crrf Prob: 0.007291 Payoff: 3
P1: K P2: Q Board: J /crc/rrc Prob: 0.000000 Payoff: 11
P1: K P2: Q Board: J /crc/rrf Prob: 0.000000 Payoff: -7
P1: K P2: Q Board: J /crc/rc Prob: 0.000000 Payoff: 7
P1: K P2: Q Board: J /crc/rf Prob: 0.000000 Payoff: 3
P1: K P2: Q Board: J /crc/crrc Prob: 0.000000 Payoff: 11
P1: K P2: Q Board: J /crc/crrf Prob: 0.000000 Payoff: 7
P1: K P2: Q Board: J /crc/crc Prob: 0.001583 Payoff: 7
P1: K P2: Q Board: J /crc/crf Prob: 0.000000 Payoff: -3
P1: K P2: Q Board: J /crc/cc Prob: 0.001049 Payoff: 3
P1: K P2: Q Board: Q /crc/rrc Prob: 0.000000 Payoff: -11
P1: K P2: Q Board: Q /crc/rrf Prob: 0.000717 Payoff: -7
P1: K P2: Q Board: Q /crc/rc Prob: 0.000341 Payoff: -7
P1: K P2: Q Board: Q /crc/rf Prob: 0.000125 Payoff: 3
P1: K P2: Q Board: Q /crc/crrc Prob: 0.000000 Payoff: -11
P1: K P2: Q Board: Q /crc/crrf Prob: 0.000000 Payoff: 7
P1: K P2: Q Board: Q /crc/crc Prob: 0.000046 Payoff: -7
P1: K P2: Q Board: Q /crc/crf Prob: 0.000037 Payoff: -3
P1: K P2: Q Board: Q /crc/cc Prob: 0.000051 Payoff: -3
P1: K P2: Q Board: K /crc/rrc Prob: 0.000033 Payoff: 11
P1: K P2: Q Board: K /crc/rrf Prob: 0.000000 Payoff: -7
P1: K P2: Q Board: K /crc/rc Prob: 0.000039 Payoff: 7
P1: K P2: Q Board: K /crc/rf Prob: 0.000036 Payoff: 3
P1: K P2: Q Board: K /crc/crrc Prob: 0.000277 Payoff: 11
P1: K P2: Q Board: K /crc/crrf Prob: 0.000158 Payoff: 7
P1: K P2: Q Board: K /crc/crc Prob: 0.000000 Payoff: 7
P1: K P2: Q Board: K /crc/crf Prob: 0.000000 Payoff: -3
P1: K P2: Q Board: K /crc/cc Prob: 0.000774 Payoff: 3
P1: K P2: Q /crf Prob: 0.000000 Payoff: -1
P1: K P2: Q Board: J /cc/rrc Prob: 0.000000 Payoff: 9
P1: K P2: Q Board: J /cc/rrf Prob: 0.000000 Payoff: -5
P1: K P2: Q Board: J /cc/rc Prob: 0.000000 Payoff: 5
P1: K P2: Q Board: J /cc/rf Prob: 0.000000 Payoff: 1
P1: K P2: Q Board: J /cc/crrc Prob: 0.000000 Payoff: 9
P1: K P2: Q Board: J /cc/crrf Prob: 0.000000 Payoff: 5
P1: K P2: Q Board: J /cc/crc Prob: 0.000000 Payoff: 5
P1: K P2: Q Board: J /cc/crf Prob: 0.007080 Payoff: -1
P1: K P2: Q Board: J /cc/cc Prob: 0.000898 Payoff: 1
P1: K P2: Q Board: Q /cc/rrc Prob: 0.000000 Payoff: -9
P1: K P2: Q Board: Q /cc/rrf Prob: 0.000000 Payoff: -5
P1: K P2: Q Board: Q /cc/rc Prob: 0.000000 Payoff: -5
P1: K P2: Q Board: Q /cc/rf Prob: 0.000000 Payoff: 1
P1: K P2: Q Board: Q /cc/crrc Prob: 0.000000 Payoff: -9
P1: K P2: Q Board: Q /cc/crrf Prob: 0.000000 Payoff: 5
P1: K P2: Q Board: Q /cc/crc Prob: 0.001172 Payoff: -5
P1: K P2: Q Board: Q /cc/crf Prob: 0.001612 Payoff: -1
P1: K P2: Q Board: Q /cc/cc Prob: 0.001205 Payoff: -1
P1: K P2: Q Board: K /cc/rrc Prob: 0.001743 Payoff: 9
P1: K P2: Q Board: K /cc/rrf Prob: 0.000000 Payoff: -5
P1: K P2: Q Board: K /cc/rc Prob: 0.001493 Payoff: 5
P1: K P2: Q Board: K /cc/rf Prob: 0.000743 Payoff: 1
P1: K P2: Q Board: K /cc/crrc Prob: 0.000004 Payoff: 9
P1: K P2: Q Board: K /cc/crrf Prob: 0.000004 Payoff: 5
P1: K P2: Q Board: K /cc/crc Prob: 0.000000 Payoff: 5
P1: K P2: Q Board: K /cc/crf Prob: 0.000000 Payoff: -1
P1: K P2: Q Board: K /cc/cc Prob: 0.000001 Payoff: 1
P1: K P2: K Board: J /rrc/rrc Prob: 0.000218 Payoff: 0
P1: K P2: K Board: J /rrc/rrf Prob: 0.000249 Payoff: -9
P1: K P2: K Board: J /rrc/rc Prob: 0.000043 Payoff: 0
P1: K P2: K Board: J /rrc/rf Prob: 0.000017 Payoff: 5
P1: K P2: K Board: J /rrc/crrc Prob: 0.000000 Payoff: 0
P1: K P2: K Board: J /rrc/crrf Prob: 0.000000 Payoff: 9
P1: K P2: K Board: J /rrc/crc Prob: 0.004380 Payoff: 0
P1: K P2: K Board: J /rrc/crf Prob: 0.000000 Payoff: -5
P1: K P2: K Board: J /rrc/cc Prob: 0.001387 Payoff: 0
P1: K P2: K Board: Q /rrc/rrc Prob: 0.000351 Payoff: 0
P1: K P2: K Board: Q /rrc/rrf Prob: 0.000545 Payoff: -9
P1: K P2: K Board: Q /rrc/rc Prob: 0.002341 Payoff: 0
P1: K P2: K Board: Q /rrc/rf Prob: 0.001242 Payoff: 5
P1: K P2: K Board: Q /rrc/crrc Prob: 0.000025 Payoff: 0
P1: K P2: K Board: Q /rrc/crrf Prob: 0.000003 Payoff: 9
P1: K P2: K Board: Q /rrc/crc Prob: 0.001340 Payoff: 0
P1: K P2: K Board: Q /rrc/crf Prob: 0.000099 Payoff: -5
P1: K P2: K Board: Q /rrc/cc Prob: 0.000348 Payoff: 0
P1: K P2: K /rrf Prob: 0.000000 Payoff: -3
P1: K P2: K Board: J /rc/rrc Prob: 0.000049 Payoff: 0
P1: K P2: K Board: J /rc/rrf Prob: 0.000107 Payoff: -7
P1: K P2: K Board: J /rc/rc Prob: 0.000269 Payoff: 0
P1: K P2: K Board: J /rc/rf Prob: 0.000214 Payoff: 3
P1: K P2: K Board: J /rc/crrc Prob: 0.000002 Payoff: 0
P1: K P2: K Board: J /rc/crrf Prob: 0.000003 Payoff: 7
P1: K P2: K Board: J /rc/crc Prob: 0.001412 Payoff: 0
P1: K P2: K Board: J /rc/crf Prob: 0.000008 Payoff: -3
P1: K P2: K Board: J /rc/cc Prob: 0.006203 Payoff: 0
P1: K P2: K Board: Q /rc/rrc Prob: 0.000000 Payoff: 0
P1: K P2: K Board: Q /rc/rrf Prob: 0.000000 Payoff: -7
P1: K P2: K Board: Q /rc/rc Prob: 0.000000 Payoff: 0
P1: K P2: K Board: Q /rc/rf Prob: 0.000000 Payoff: 3
P1: K P2: K Board: Q /rc/crrc Prob: 0.000000 Payoff: 0
P1: K P2: K Board: Q /rc/crrf Prob: 0.000000 Payoff: 7
P1: K P2: K Board: Q /rc/crc Prob: 0.001842 Payoff: 0
P1: K P2: K Board: Q /rc/crf Prob: 0.001929 Payoff: -3
P1: K P2: K Board: Q /rc/cc Prob: 0.004495 Payoff: 0
P1: K P2: K /rf Prob: 0.021090 Payoff: 1
P1: K P2: K Board: J /crrc/rrc Prob: 0.000009 Payoff: 0
P1: K P2: K Board: J /crrc/rrf Prob: 0.000013 Payoff: -9
P1: K P2: K Board: J /crrc/rc Prob: 0.000072 Payoff: 0
P1: K P2: K Board: J /crrc/rf Prob: 0.000038 Payoff: 5
P1: K P2: K Board: J /crrc/crrc Prob: 0.000000 Payoff: 0
P1: K P2: K Board: J /crrc/crrf Prob: 0.000000 Payoff: 9
P1: K P2: K Board: J /crrc/crc Prob: 0.000430 Payoff: 0
P1: K P2: K Board: J /crrc/crf Prob: 0.000000 Payoff: -5
P1: K P2: K Board: J /crrc/cc Prob: 0.001291 Payoff: 0
P1: K P2: K Board: Q /crrc/rrc Prob: 0.000002 Payoff: 0
P1: K P2: K Board: Q /crrc/rrf Prob: 0.000002 Payoff: -9
P1: K P2: K Board: Q /crrc/rc Prob: 0.000004 Payoff: 0
P1: K P2: K Board: Q /crrc/rf Prob: 0.000006 Payoff: 5
P1: K P2: K Board: Q /crrc/crrc Prob: 0.000002 Payoff: 0
P1: K P2: K Board: Q /crrc/crrf Prob: 0.000002 Payoff: 9
P1: K P2: K Board: Q /crrc/crc Prob: 0.000287 Payoff: 0
P1: K P2: K Board: Q /crrc/crf Prob: 0.000129 Payoff: -5
P1: K P2: K Board: Q /crrc/cc Prob: 0.001419 Payoff: 0
P1: K P2: K /crrf Prob: 0.003579 Payoff: 3
P1: K P2: K Board: J /crc/rrc Prob: 0.000000 Payoff: 0
P1: K P2: K Board: J /crc/rrf Prob: 0.000000 Payoff: -7
P1: K P2: K Board: J /crc/rc Prob: 0.000000 Payoff: 0
P1: K P2: K Board: J /crc/rf Prob: 0.000000 Payoff: 3
P1: K P2: K Board: J /crc/crrc Prob: 0.000000 Payoff: 0
P1: K P2: K Board: J /crc/crrf Prob: 0.000000 Payoff: 7
P1: K P2: K Board: J /crc/crc Prob: 0.000746 Payoff: 0
P1: K P2: K Board: J /crc/crf Prob: 0.000000 Payoff: -3
P1: K P2: K Board: J /crc/cc Prob: 0.000893 Payoff: 0
P1: K P2: K Board: Q /crc/rrc Prob: 0.000000 Payoff: 0
P1: K P2: K Board: Q /crc/rrf Prob: 0.000688 Payoff: -7
P1: K P2: K Board: Q /crc/rc Prob: 0.000306 Payoff: 0
P1: K P2: K Board: Q /crc/rf Prob: 0.000479 Payoff: 3
P1: K P2: K Board: Q /crc/crrc Prob: 0.000000 Payoff: 0
P1: K P2: K Board: Q /crc/crrf Prob: 0.000000 Payoff: 7
P1: K P2: K Board: Q /crc/crc Prob: 0.000020 Payoff: 0
P1: K P2: K Board: Q /crc/crf Prob: 0.000016 Payoff: -3
P1: K P2: K Board: Q /crc/cc Prob: 0.000130 Payoff: 0
P1: K P2: K /crf Prob: 0.000000 Payoff: -1
P1: K P2: K Board: J /cc/rrc Prob: 0.000000 Payoff: 0
P1: K P2: K Board: J /cc/rrf Prob: 0.000000 Payoff: -5
P1: K P2: K Board: J /cc/rc Prob: 0.000000 Payoff: 0
P1: K P2: K Board: J /cc/rf Prob: 0.000000 Payoff: 1
P1: K P2: K Board: J /cc/crrc Prob: 0.000000 Payoff: 0
P1: K P2: K Board: J /cc/crrf Prob: 0.000000 Payoff: 5
P1: K P2: K Board: J /cc/crc Prob: 0.000000 Payoff: 0
P1: K P2: K Board: J /cc/crf Prob: 0.002005 Payoff: -1
P1: K P2: K Board: J /cc/cc Prob: 0.000942 Payoff: 0
P1: K P2: K Board: Q /cc/rrc Prob: 0.000000 Payoff: 0
P1: K P2: K Board: Q /cc/rrf Prob: 0.000000 Payoff: -5
P1: K P2: K Board: Q /cc/rc Prob: 0.000000 Payoff: 0
P1: K P2: K Board: Q /cc/rf Prob: 0.000000 Payoff: 1
P1: K P2: K Board: Q /cc/crrc Prob: 0.000000 Payoff: 0
P1: K P2: K Board: Q /cc/crrf Prob: 0.000000 Payoff: 5
P1: K P2: K Board: Q /cc/crc Prob: 0.000458 Payoff: 0
P1: K P2: K Board: Q /cc/crf Prob: 0.000629 Payoff: -1
P1: K P2: K Board: Q /cc/cc Prob: 0.001861 Payoff: 0
